<?xml version="1.0" encoding="UTF-8"?>
<!-- Generated by org.testng.reporters.JUnitReportReporter -->
<testsuite skipped="0" hostname="DESKTOP-O9O63C2" name="DataDrivenTest.DataDrivenLoginPage" tests="4" failures="0" timestamp="2021-01-21T17:03:39 GMT-08:00" time="50.583" errors="0">
  <testcase name="search" time="7.290" classname="DataDrivenTest.DataDrivenLoginPage"/>
  <system-out/>
  <testcase name="LoginTest" time="15.532" classname="DataDrivenTest.DataDrivenLoginPage"/>
  <system-out/>
  <testcase name="LoginTest" time="9.607" classname="DataDrivenTest.DataDrivenLoginPage"/>
  <system-out/>
  <testcase name="LoginTest" time="18.154" classname="DataDrivenTest.DataDrivenLoginPage"/>
  <system-out/>
</testsuite> <!-- DataDrivenTest.DataDrivenLoginPage -->
